<?xml version="1.0" encoding="UTF-8"?>
<testsuite xmlns:xsi="http://www.w3.org/2001/XMLSchema-instance" xsi:noNamespaceSchemaLocation="https://maven.apache.org/surefire/maven-surefire-plugin/xsd/surefire-test-report-3.0.xsd" version="3.0" name="com.example.AsmApplicationTests" time="4.977" tests="1" errors="0" skipped="0" failures="0">
  <properties>
[...]
</properties>
  <testcase name="contextLoads" classname="com.example.AsmApplicationTests" time="1.373">
    <system-out><![CDATA[10:28:03.050 [main] INFO org.springframework.test.context.support.AnnotationConfigContextLoaderUtils -- Could not detect default configuration classes for test class [com.example.AsmApplicationTests]: AsmApplicationTests does not declare any static, non-private, non-final, nested classes annotated with @Configuration.
10:28:03.196 [main] INFO org.springframework.boot.test.context.SpringBootTestContextBootstrapper -- Found @SpringBootConfiguration com.example.AsmApplication for test class com.example.AsmApplicationTests

  .   ____          _            __ _ _
 /\\ / ___'_ __ _ _(_)_ __  __ _ \ \ \ \
( ( )\___ | '_ | '_| | '_ \/ _` | \ \ \ \
 \\/  ___)| |_)| | | | | || (_| |  ) ) ) )
  '  |____| .__|_| |_|_| |_\__, | / / / /
 =========|_|==============|___/=/_/_/_/
 :: Spring Boot ::                (v3.2.1)

2024-01-16T10:28:03.922+08:00  INFO 4804 --- [           main] com.example.AsmApplicationTests          : Starting AsmApplicationTests using Java 17.0.9 with PID 4804 (started by 15282 in D:\code\Java\asm)
2024-01-16T10:28:03.926+08:00  INFO 4804 --- [           main] com.example.AsmApplicationTests          : No active profile set, falling back to 1 default profile: "default"
Logging initialized using 'class org.apache.ibatis.logging.stdout.StdOutImpl' adapter.
2024-01-16T10:28:06.347+08:00  INFO 4804 --- [           main] com.example.AsmApplicationTests          : Started AsmApplicationTests in 2.871 seconds (process running for 4.441)
]]></system-out>
  </testcase>
</testsuite>